[2018-12-18 04:47:07] local.ERROR: Parse error: syntax error, unexpected '?', expecting variable (T_VARIABLE) {"exception":"[object] (Symfony\\Component\\Debug\\Exception\\FatalThrowableError(code: 0): Parse error: syntax error, unexpected '?', expecting variable (T_VARIABLE) at /home/vagrant/projects/curso-styde/vendor/symfony/translation/Translator.php:89)
[stacktrace]
#0 /home/vagrant/projects/curso-styde/vendor/composer/ClassLoader.php(322): Composer\\Autoload\\includeFile('/home/vagrant/p...')
#1 [internal function]: Composer\\Autoload\\ClassLoader->loadClass('Symfony\\\\Compone...')
#2 /home/vagrant/projects/curso-styde/vendor/nesbot/carbon/src/Carbon/Translator.php(7): spl_autoload_call('Symfony\\\\Compone...')
#3 /home/vagrant/projects/curso-styde/vendor/composer/ClassLoader.php(444): include('/home/vagrant/p...')
#4 /home/vagrant/projects/curso-styde/vendor/composer/ClassLoader.php(322): Composer\\Autoload\\includeFile('/home/vagrant/p...')
#5 [internal function]: Composer\\Autoload\\ClassLoader->loadClass('Carbon\\\\Translat...')
#6 /home/vagrant/projects/curso-styde/vendor/nesbot/carbon/src/Carbon/Carbon.php(1625): spl_autoload_call('Carbon\\\\Translat...')
#7 /home/vagrant/projects/curso-styde/vendor/nesbot/carbon/src/Carbon/Carbon.php(1672): Carbon\\Carbon::translator()
#8 /home/vagrant/projects/curso-styde/vendor/nesbot/carbon/src/Carbon/Laravel/ServiceProvider.php(29): Carbon\\Carbon::setLocale('en')
#9 /home/vagrant/projects/curso-styde/vendor/nesbot/carbon/src/Carbon/Laravel/ServiceProvider.php(21): Carbon\\Laravel\\ServiceProvider->updateLocale()
#10 [internal function]: Carbon\\Laravel\\ServiceProvider->boot()
#11 /home/vagrant/projects/curso-styde/vendor/laravel/framework/src/Illuminate/Container/BoundMethod.php(29): call_user_func_array(Array, Array)
#12 /home/vagrant/projects/curso-styde/vendor/laravel/framework/src/Illuminate/Container/BoundMethod.php(87): Illuminate\\Container\\BoundMethod::Illuminate\\Container\\{closure}()
#13 /home/vagrant/projects/curso-styde/vendor/laravel/framework/src/Illuminate/Container/BoundMethod.php(31): Illuminate\\Container\\BoundMethod::callBoundMethod(Object(Illuminate\\Foundation\\Application), Array, Object(Closure))
#14 /home/vagrant/projects/curso-styde/vendor/laravel/framework/src/Illuminate/Container/Container.php(549): Illuminate\\Container\\BoundMethod::call(Object(Illuminate\\Foundation\\Application), Array, Array, NULL)
#15 /home/vagrant/projects/curso-styde/vendor/laravel/framework/src/Illuminate/Foundation/Application.php(792): Illuminate\\Container\\Container->call(Array)
#16 /home/vagrant/projects/curso-styde/vendor/laravel/framework/src/Illuminate/Foundation/Application.php(775): Illuminate\\Foundation\\Application->bootProvider(Object(Carbon\\Laravel\\ServiceProvider))
#17 [internal function]: Illuminate\\Foundation\\Application->Illuminate\\Foundation\\{closure}(Object(Carbon\\Laravel\\ServiceProvider), 15)
#18 /home/vagrant/projects/curso-styde/vendor/laravel/framework/src/Illuminate/Foundation/Application.php(776): array_walk(Array, Object(Closure))
#19 /home/vagrant/projects/curso-styde/vendor/laravel/framework/src/Illuminate/Foundation/Bootstrap/BootProviders.php(17): Illuminate\\Foundation\\Application->boot()
#20 /home/vagrant/projects/curso-styde/vendor/laravel/framework/src/Illuminate/Foundation/Application.php(213): Illuminate\\Foundation\\Bootstrap\\BootProviders->bootstrap(Object(Illuminate\\Foundation\\Application))
#21 /home/vagrant/projects/curso-styde/vendor/laravel/framework/src/Illuminate/Foundation/Http/Kernel.php(162): Illuminate\\Foundation\\Application->bootstrapWith(Array)
#22 /home/vagrant/projects/curso-styde/vendor/laravel/framework/src/Illuminate/Foundation/Http/Kernel.php(146): Illuminate\\Foundation\\Http\\Kernel->bootstrap()
#23 /home/vagrant/projects/curso-styde/vendor/laravel/framework/src/Illuminate/Foundation/Http/Kernel.php(116): Illuminate\\Foundation\\Http\\Kernel->sendRequestThroughRouter(Object(Illuminate\\Http\\Request))
#24 /home/vagrant/projects/curso-styde/public/index.php(55): Illuminate\\Foundation\\Http\\Kernel->handle(Object(Illuminate\\Http\\Request))
#25 {main}
"} 
[2018-12-18 04:47:38] local.ERROR: Parse error: syntax error, unexpected '?', expecting variable (T_VARIABLE) {"exception":"[object] (Symfony\\Component\\Debug\\Exception\\FatalThrowableError(code: 0): Parse error: syntax error, unexpected '?', expecting variable (T_VARIABLE) at /home/vagrant/projects/curso-styde/vendor/symfony/translation/Translator.php:89)
[stacktrace]
#0 /home/vagrant/projects/curso-styde/vendor/composer/ClassLoader.php(322): Composer\\Autoload\\includeFile('/home/vagrant/p...')
#1 [internal function]: Composer\\Autoload\\ClassLoader->loadClass('Symfony\\\\Compone...')
#2 /home/vagrant/projects/curso-styde/vendor/nesbot/carbon/src/Carbon/Translator.php(7): spl_autoload_call('Symfony\\\\Compone...')
#3 /home/vagrant/projects/curso-styde/vendor/composer/ClassLoader.php(444): include('/home/vagrant/p...')
#4 /home/vagrant/projects/curso-styde/vendor/composer/ClassLoader.php(322): Composer\\Autoload\\includeFile('/home/vagrant/p...')
#5 [internal function]: Composer\\Autoload\\ClassLoader->loadClass('Carbon\\\\Translat...')
#6 /home/vagrant/projects/curso-styde/vendor/nesbot/carbon/src/Carbon/Carbon.php(1625): spl_autoload_call('Carbon\\\\Translat...')
#7 /home/vagrant/projects/curso-styde/vendor/nesbot/carbon/src/Carbon/Carbon.php(1672): Carbon\\Carbon::translator()
#8 /home/vagrant/projects/curso-styde/vendor/nesbot/carbon/src/Carbon/Laravel/ServiceProvider.php(29): Carbon\\Carbon::setLocale('en')
#9 /home/vagrant/projects/curso-styde/vendor/nesbot/carbon/src/Carbon/Laravel/ServiceProvider.php(21): Carbon\\Laravel\\ServiceProvider->updateLocale()
#10 [internal function]: Carbon\\Laravel\\ServiceProvider->boot()
#11 /home/vagrant/projects/curso-styde/vendor/laravel/framework/src/Illuminate/Container/BoundMethod.php(29): call_user_func_array(Array, Array)
#12 /home/vagrant/projects/curso-styde/vendor/laravel/framework/src/Illuminate/Container/BoundMethod.php(87): Illuminate\\Container\\BoundMethod::Illuminate\\Container\\{closure}()
#13 /home/vagrant/projects/curso-styde/vendor/laravel/framework/src/Illuminate/Container/BoundMethod.php(31): Illuminate\\Container\\BoundMethod::callBoundMethod(Object(Illuminate\\Foundation\\Application), Array, Object(Closure))
#14 /home/vagrant/projects/curso-styde/vendor/laravel/framework/src/Illuminate/Container/Container.php(549): Illuminate\\Container\\BoundMethod::call(Object(Illuminate\\Foundation\\Application), Array, Array, NULL)
#15 /home/vagrant/projects/curso-styde/vendor/laravel/framework/src/Illuminate/Foundation/Application.php(792): Illuminate\\Container\\Container->call(Array)
#16 /home/vagrant/projects/curso-styde/vendor/laravel/framework/src/Illuminate/Foundation/Application.php(775): Illuminate\\Foundation\\Application->bootProvider(Object(Carbon\\Laravel\\ServiceProvider))
#17 [internal function]: Illuminate\\Foundation\\Application->Illuminate\\Foundation\\{closure}(Object(Carbon\\Laravel\\ServiceProvider), 15)
#18 /home/vagrant/projects/curso-styde/vendor/laravel/framework/src/Illuminate/Foundation/Application.php(776): array_walk(Array, Object(Closure))
#19 /home/vagrant/projects/curso-styde/vendor/laravel/framework/src/Illuminate/Foundation/Bootstrap/BootProviders.php(17): Illuminate\\Foundation\\Application->boot()
#20 /home/vagrant/projects/curso-styde/vendor/laravel/framework/src/Illuminate/Foundation/Application.php(213): Illuminate\\Foundation\\Bootstrap\\BootProviders->bootstrap(Object(Illuminate\\Foundation\\Application))
#21 /home/vagrant/projects/curso-styde/vendor/laravel/framework/src/Illuminate/Foundation/Http/Kernel.php(162): Illuminate\\Foundation\\Application->bootstrapWith(Array)
#22 /home/vagrant/projects/curso-styde/vendor/laravel/framework/src/Illuminate/Foundation/Http/Kernel.php(146): Illuminate\\Foundation\\Http\\Kernel->bootstrap()
#23 /home/vagrant/projects/curso-styde/vendor/laravel/framework/src/Illuminate/Foundation/Http/Kernel.php(116): Illuminate\\Foundation\\Http\\Kernel->sendRequestThroughRouter(Object(Illuminate\\Http\\Request))
#24 /home/vagrant/projects/curso-styde/public/index.php(55): Illuminate\\Foundation\\Http\\Kernel->handle(Object(Illuminate\\Http\\Request))
#25 {main}
"} 
[2018-12-18 04:47:39] local.ERROR: Parse error: syntax error, unexpected '?', expecting variable (T_VARIABLE) {"exception":"[object] (Symfony\\Component\\Debug\\Exception\\FatalThrowableError(code: 0): Parse error: syntax error, unexpected '?', expecting variable (T_VARIABLE) at /home/vagrant/projects/curso-styde/vendor/symfony/translation/Translator.php:89)
[stacktrace]
#0 /home/vagrant/projects/curso-styde/vendor/composer/ClassLoader.php(322): Composer\\Autoload\\includeFile('/home/vagrant/p...')
#1 [internal function]: Composer\\Autoload\\ClassLoader->loadClass('Symfony\\\\Compone...')
#2 /home/vagrant/projects/curso-styde/vendor/nesbot/carbon/src/Carbon/Translator.php(7): spl_autoload_call('Symfony\\\\Compone...')
#3 /home/vagrant/projects/curso-styde/vendor/composer/ClassLoader.php(444): include('/home/vagrant/p...')
#4 /home/vagrant/projects/curso-styde/vendor/composer/ClassLoader.php(322): Composer\\Autoload\\includeFile('/home/vagrant/p...')
#5 [internal function]: Composer\\Autoload\\ClassLoader->loadClass('Carbon\\\\Translat...')
#6 /home/vagrant/projects/curso-styde/vendor/nesbot/carbon/src/Carbon/Carbon.php(1625): spl_autoload_call('Carbon\\\\Translat...')
#7 /home/vagrant/projects/curso-styde/vendor/nesbot/carbon/src/Carbon/Carbon.php(1672): Carbon\\Carbon::translator()
#8 /home/vagrant/projects/curso-styde/vendor/nesbot/carbon/src/Carbon/Laravel/ServiceProvider.php(29): Carbon\\Carbon::setLocale('en')
#9 /home/vagrant/projects/curso-styde/vendor/nesbot/carbon/src/Carbon/Laravel/ServiceProvider.php(21): Carbon\\Laravel\\ServiceProvider->updateLocale()
#10 [internal function]: Carbon\\Laravel\\ServiceProvider->boot()
#11 /home/vagrant/projects/curso-styde/vendor/laravel/framework/src/Illuminate/Container/BoundMethod.php(29): call_user_func_array(Array, Array)
#12 /home/vagrant/projects/curso-styde/vendor/laravel/framework/src/Illuminate/Container/BoundMethod.php(87): Illuminate\\Container\\BoundMethod::Illuminate\\Container\\{closure}()
#13 /home/vagrant/projects/curso-styde/vendor/laravel/framework/src/Illuminate/Container/BoundMethod.php(31): Illuminate\\Container\\BoundMethod::callBoundMethod(Object(Illuminate\\Foundation\\Application), Array, Object(Closure))
#14 /home/vagrant/projects/curso-styde/vendor/laravel/framework/src/Illuminate/Container/Container.php(549): Illuminate\\Container\\BoundMethod::call(Object(Illuminate\\Foundation\\Application), Array, Array, NULL)
#15 /home/vagrant/projects/curso-styde/vendor/laravel/framework/src/Illuminate/Foundation/Application.php(792): Illuminate\\Container\\Container->call(Array)
#16 /home/vagrant/projects/curso-styde/vendor/laravel/framework/src/Illuminate/Foundation/Application.php(775): Illuminate\\Foundation\\Application->bootProvider(Object(Carbon\\Laravel\\ServiceProvider))
#17 [internal function]: Illuminate\\Foundation\\Application->Illuminate\\Foundation\\{closure}(Object(Carbon\\Laravel\\ServiceProvider), 15)
#18 /home/vagrant/projects/curso-styde/vendor/laravel/framework/src/Illuminate/Foundation/Application.php(776): array_walk(Array, Object(Closure))
#19 /home/vagrant/projects/curso-styde/vendor/laravel/framework/src/Illuminate/Foundation/Bootstrap/BootProviders.php(17): Illuminate\\Foundation\\Application->boot()
#20 /home/vagrant/projects/curso-styde/vendor/laravel/framework/src/Illuminate/Foundation/Application.php(213): Illuminate\\Foundation\\Bootstrap\\BootProviders->bootstrap(Object(Illuminate\\Foundation\\Application))
#21 /home/vagrant/projects/curso-styde/vendor/laravel/framework/src/Illuminate/Foundation/Http/Kernel.php(162): Illuminate\\Foundation\\Application->bootstrapWith(Array)
#22 /home/vagrant/projects/curso-styde/vendor/laravel/framework/src/Illuminate/Foundation/Http/Kernel.php(146): Illuminate\\Foundation\\Http\\Kernel->bootstrap()
#23 /home/vagrant/projects/curso-styde/vendor/laravel/framework/src/Illuminate/Foundation/Http/Kernel.php(116): Illuminate\\Foundation\\Http\\Kernel->sendRequestThroughRouter(Object(Illuminate\\Http\\Request))
#24 /home/vagrant/projects/curso-styde/public/index.php(55): Illuminate\\Foundation\\Http\\Kernel->handle(Object(Illuminate\\Http\\Request))
#25 {main}
"} 
[2018-12-18 04:47:40] local.ERROR: Parse error: syntax error, unexpected '?', expecting variable (T_VARIABLE) {"exception":"[object] (Symfony\\Component\\Debug\\Exception\\FatalThrowableError(code: 0): Parse error: syntax error, unexpected '?', expecting variable (T_VARIABLE) at /home/vagrant/projects/curso-styde/vendor/symfony/translation/Translator.php:89)
[stacktrace]
#0 /home/vagrant/projects/curso-styde/vendor/composer/ClassLoader.php(322): Composer\\Autoload\\includeFile('/home/vagrant/p...')
#1 [internal function]: Composer\\Autoload\\ClassLoader->loadClass('Symfony\\\\Compone...')
#2 /home/vagrant/projects/curso-styde/vendor/nesbot/carbon/src/Carbon/Translator.php(7): spl_autoload_call('Symfony\\\\Compone...')
#3 /home/vagrant/projects/curso-styde/vendor/composer/ClassLoader.php(444): include('/home/vagrant/p...')
#4 /home/vagrant/projects/curso-styde/vendor/composer/ClassLoader.php(322): Composer\\Autoload\\includeFile('/home/vagrant/p...')
#5 [internal function]: Composer\\Autoload\\ClassLoader->loadClass('Carbon\\\\Translat...')
#6 /home/vagrant/projects/curso-styde/vendor/nesbot/carbon/src/Carbon/Carbon.php(1625): spl_autoload_call('Carbon\\\\Translat...')
#7 /home/vagrant/projects/curso-styde/vendor/nesbot/carbon/src/Carbon/Carbon.php(1672): Carbon\\Carbon::translator()
#8 /home/vagrant/projects/curso-styde/vendor/nesbot/carbon/src/Carbon/Laravel/ServiceProvider.php(29): Carbon\\Carbon::setLocale('en')
#9 /home/vagrant/projects/curso-styde/vendor/nesbot/carbon/src/Carbon/Laravel/ServiceProvider.php(21): Carbon\\Laravel\\ServiceProvider->updateLocale()
#10 [internal function]: Carbon\\Laravel\\ServiceProvider->boot()
#11 /home/vagrant/projects/curso-styde/vendor/laravel/framework/src/Illuminate/Container/BoundMethod.php(29): call_user_func_array(Array, Array)
#12 /home/vagrant/projects/curso-styde/vendor/laravel/framework/src/Illuminate/Container/BoundMethod.php(87): Illuminate\\Container\\BoundMethod::Illuminate\\Container\\{closure}()
#13 /home/vagrant/projects/curso-styde/vendor/laravel/framework/src/Illuminate/Container/BoundMethod.php(31): Illuminate\\Container\\BoundMethod::callBoundMethod(Object(Illuminate\\Foundation\\Application), Array, Object(Closure))
#14 /home/vagrant/projects/curso-styde/vendor/laravel/framework/src/Illuminate/Container/Container.php(549): Illuminate\\Container\\BoundMethod::call(Object(Illuminate\\Foundation\\Application), Array, Array, NULL)
#15 /home/vagrant/projects/curso-styde/vendor/laravel/framework/src/Illuminate/Foundation/Application.php(792): Illuminate\\Container\\Container->call(Array)
#16 /home/vagrant/projects/curso-styde/vendor/laravel/framework/src/Illuminate/Foundation/Application.php(775): Illuminate\\Foundation\\Application->bootProvider(Object(Carbon\\Laravel\\ServiceProvider))
#17 [internal function]: Illuminate\\Foundation\\Application->Illuminate\\Foundation\\{closure}(Object(Carbon\\Laravel\\ServiceProvider), 15)
#18 /home/vagrant/projects/curso-styde/vendor/laravel/framework/src/Illuminate/Foundation/Application.php(776): array_walk(Array, Object(Closure))
#19 /home/vagrant/projects/curso-styde/vendor/laravel/framework/src/Illuminate/Foundation/Bootstrap/BootProviders.php(17): Illuminate\\Foundation\\Application->boot()
#20 /home/vagrant/projects/curso-styde/vendor/laravel/framework/src/Illuminate/Foundation/Application.php(213): Illuminate\\Foundation\\Bootstrap\\BootProviders->bootstrap(Object(Illuminate\\Foundation\\Application))
#21 /home/vagrant/projects/curso-styde/vendor/laravel/framework/src/Illuminate/Foundation/Http/Kernel.php(162): Illuminate\\Foundation\\Application->bootstrapWith(Array)
#22 /home/vagrant/projects/curso-styde/vendor/laravel/framework/src/Illuminate/Foundation/Http/Kernel.php(146): Illuminate\\Foundation\\Http\\Kernel->bootstrap()
#23 /home/vagrant/projects/curso-styde/vendor/laravel/framework/src/Illuminate/Foundation/Http/Kernel.php(116): Illuminate\\Foundation\\Http\\Kernel->sendRequestThroughRouter(Object(Illuminate\\Http\\Request))
#24 /home/vagrant/projects/curso-styde/public/index.php(55): Illuminate\\Foundation\\Http\\Kernel->handle(Object(Illuminate\\Http\\Request))
#25 {main}
"} 
[2018-12-18 04:47:41] local.ERROR: Parse error: syntax error, unexpected '?', expecting variable (T_VARIABLE) {"exception":"[object] (Symfony\\Component\\Debug\\Exception\\FatalThrowableError(code: 0): Parse error: syntax error, unexpected '?', expecting variable (T_VARIABLE) at /home/vagrant/projects/curso-styde/vendor/symfony/translation/Translator.php:89)
[stacktrace]
#0 /home/vagrant/projects/curso-styde/vendor/composer/ClassLoader.php(322): Composer\\Autoload\\includeFile('/home/vagrant/p...')
#1 [internal function]: Composer\\Autoload\\ClassLoader->loadClass('Symfony\\\\Compone...')
#2 /home/vagrant/projects/curso-styde/vendor/nesbot/carbon/src/Carbon/Translator.php(7): spl_autoload_call('Symfony\\\\Compone...')
#3 /home/vagrant/projects/curso-styde/vendor/composer/ClassLoader.php(444): include('/home/vagrant/p...')
#4 /home/vagrant/projects/curso-styde/vendor/composer/ClassLoader.php(322): Composer\\Autoload\\includeFile('/home/vagrant/p...')
#5 [internal function]: Composer\\Autoload\\ClassLoader->loadClass('Carbon\\\\Translat...')
#6 /home/vagrant/projects/curso-styde/vendor/nesbot/carbon/src/Carbon/Carbon.php(1625): spl_autoload_call('Carbon\\\\Translat...')
#7 /home/vagrant/projects/curso-styde/vendor/nesbot/carbon/src/Carbon/Carbon.php(1672): Carbon\\Carbon::translator()
#8 /home/vagrant/projects/curso-styde/vendor/nesbot/carbon/src/Carbon/Laravel/ServiceProvider.php(29): Carbon\\Carbon::setLocale('en')
#9 /home/vagrant/projects/curso-styde/vendor/nesbot/carbon/src/Carbon/Laravel/ServiceProvider.php(21): Carbon\\Laravel\\ServiceProvider->updateLocale()
#10 [internal function]: Carbon\\Laravel\\ServiceProvider->boot()
#11 /home/vagrant/projects/curso-styde/vendor/laravel/framework/src/Illuminate/Container/BoundMethod.php(29): call_user_func_array(Array, Array)
#12 /home/vagrant/projects/curso-styde/vendor/laravel/framework/src/Illuminate/Container/BoundMethod.php(87): Illuminate\\Container\\BoundMethod::Illuminate\\Container\\{closure}()
#13 /home/vagrant/projects/curso-styde/vendor/laravel/framework/src/Illuminate/Container/BoundMethod.php(31): Illuminate\\Container\\BoundMethod::callBoundMethod(Object(Illuminate\\Foundation\\Application), Array, Object(Closure))
#14 /home/vagrant/projects/curso-styde/vendor/laravel/framework/src/Illuminate/Container/Container.php(549): Illuminate\\Container\\BoundMethod::call(Object(Illuminate\\Foundation\\Application), Array, Array, NULL)
#15 /home/vagrant/projects/curso-styde/vendor/laravel/framework/src/Illuminate/Foundation/Application.php(792): Illuminate\\Container\\Container->call(Array)
#16 /home/vagrant/projects/curso-styde/vendor/laravel/framework/src/Illuminate/Foundation/Application.php(775): Illuminate\\Foundation\\Application->bootProvider(Object(Carbon\\Laravel\\ServiceProvider))
#17 [internal function]: Illuminate\\Foundation\\Application->Illuminate\\Foundation\\{closure}(Object(Carbon\\Laravel\\ServiceProvider), 15)
#18 /home/vagrant/projects/curso-styde/vendor/laravel/framework/src/Illuminate/Foundation/Application.php(776): array_walk(Array, Object(Closure))
#19 /home/vagrant/projects/curso-styde/vendor/laravel/framework/src/Illuminate/Foundation/Bootstrap/BootProviders.php(17): Illuminate\\Foundation\\Application->boot()
#20 /home/vagrant/projects/curso-styde/vendor/laravel/framework/src/Illuminate/Foundation/Application.php(213): Illuminate\\Foundation\\Bootstrap\\BootProviders->bootstrap(Object(Illuminate\\Foundation\\Application))
#21 /home/vagrant/projects/curso-styde/vendor/laravel/framework/src/Illuminate/Foundation/Http/Kernel.php(162): Illuminate\\Foundation\\Application->bootstrapWith(Array)
#22 /home/vagrant/projects/curso-styde/vendor/laravel/framework/src/Illuminate/Foundation/Http/Kernel.php(146): Illuminate\\Foundation\\Http\\Kernel->bootstrap()
#23 /home/vagrant/projects/curso-styde/vendor/laravel/framework/src/Illuminate/Foundation/Http/Kernel.php(116): Illuminate\\Foundation\\Http\\Kernel->sendRequestThroughRouter(Object(Illuminate\\Http\\Request))
#24 /home/vagrant/projects/curso-styde/public/index.php(55): Illuminate\\Foundation\\Http\\Kernel->handle(Object(Illuminate\\Http\\Request))
#25 {main}
"} 
[2018-12-18 04:47:43] local.ERROR: Parse error: syntax error, unexpected '?', expecting variable (T_VARIABLE) {"exception":"[object] (Symfony\\Component\\Debug\\Exception\\FatalThrowableError(code: 0): Parse error: syntax error, unexpected '?', expecting variable (T_VARIABLE) at /home/vagrant/projects/curso-styde/vendor/symfony/translation/Translator.php:89)
[stacktrace]
#0 /home/vagrant/projects/curso-styde/vendor/composer/ClassLoader.php(322): Composer\\Autoload\\includeFile('/home/vagrant/p...')
#1 [internal function]: Composer\\Autoload\\ClassLoader->loadClass('Symfony\\\\Compone...')
#2 /home/vagrant/projects/curso-styde/vendor/nesbot/carbon/src/Carbon/Translator.php(7): spl_autoload_call('Symfony\\\\Compone...')
#3 /home/vagrant/projects/curso-styde/vendor/composer/ClassLoader.php(444): include('/home/vagrant/p...')
#4 /home/vagrant/projects/curso-styde/vendor/composer/ClassLoader.php(322): Composer\\Autoload\\includeFile('/home/vagrant/p...')
#5 [internal function]: Composer\\Autoload\\ClassLoader->loadClass('Carbon\\\\Translat...')
#6 /home/vagrant/projects/curso-styde/vendor/nesbot/carbon/src/Carbon/Carbon.php(1625): spl_autoload_call('Carbon\\\\Translat...')
#7 /home/vagrant/projects/curso-styde/vendor/nesbot/carbon/src/Carbon/Carbon.php(1672): Carbon\\Carbon::translator()
#8 /home/vagrant/projects/curso-styde/vendor/nesbot/carbon/src/Carbon/Laravel/ServiceProvider.php(29): Carbon\\Carbon::setLocale('en')
#9 /home/vagrant/projects/curso-styde/vendor/nesbot/carbon/src/Carbon/Laravel/ServiceProvider.php(21): Carbon\\Laravel\\ServiceProvider->updateLocale()
#10 [internal function]: Carbon\\Laravel\\ServiceProvider->boot()
#11 /home/vagrant/projects/curso-styde/vendor/laravel/framework/src/Illuminate/Container/BoundMethod.php(29): call_user_func_array(Array, Array)
#12 /home/vagrant/projects/curso-styde/vendor/laravel/framework/src/Illuminate/Container/BoundMethod.php(87): Illuminate\\Container\\BoundMethod::Illuminate\\Container\\{closure}()
#13 /home/vagrant/projects/curso-styde/vendor/laravel/framework/src/Illuminate/Container/BoundMethod.php(31): Illuminate\\Container\\BoundMethod::callBoundMethod(Object(Illuminate\\Foundation\\Application), Array, Object(Closure))
#14 /home/vagrant/projects/curso-styde/vendor/laravel/framework/src/Illuminate/Container/Container.php(549): Illuminate\\Container\\BoundMethod::call(Object(Illuminate\\Foundation\\Application), Array, Array, NULL)
#15 /home/vagrant/projects/curso-styde/vendor/laravel/framework/src/Illuminate/Foundation/Application.php(792): Illuminate\\Container\\Container->call(Array)
#16 /home/vagrant/projects/curso-styde/vendor/laravel/framework/src/Illuminate/Foundation/Application.php(775): Illuminate\\Foundation\\Application->bootProvider(Object(Carbon\\Laravel\\ServiceProvider))
#17 [internal function]: Illuminate\\Foundation\\Application->Illuminate\\Foundation\\{closure}(Object(Carbon\\Laravel\\ServiceProvider), 15)
#18 /home/vagrant/projects/curso-styde/vendor/laravel/framework/src/Illuminate/Foundation/Application.php(776): array_walk(Array, Object(Closure))
#19 /home/vagrant/projects/curso-styde/vendor/laravel/framework/src/Illuminate/Foundation/Bootstrap/BootProviders.php(17): Illuminate\\Foundation\\Application->boot()
#20 /home/vagrant/projects/curso-styde/vendor/laravel/framework/src/Illuminate/Foundation/Application.php(213): Illuminate\\Foundation\\Bootstrap\\BootProviders->bootstrap(Object(Illuminate\\Foundation\\Application))
#21 /home/vagrant/projects/curso-styde/vendor/laravel/framework/src/Illuminate/Foundation/Http/Kernel.php(162): Illuminate\\Foundation\\Application->bootstrapWith(Array)
#22 /home/vagrant/projects/curso-styde/vendor/laravel/framework/src/Illuminate/Foundation/Http/Kernel.php(146): Illuminate\\Foundation\\Http\\Kernel->bootstrap()
#23 /home/vagrant/projects/curso-styde/vendor/laravel/framework/src/Illuminate/Foundation/Http/Kernel.php(116): Illuminate\\Foundation\\Http\\Kernel->sendRequestThroughRouter(Object(Illuminate\\Http\\Request))
#24 /home/vagrant/projects/curso-styde/public/index.php(55): Illuminate\\Foundation\\Http\\Kernel->handle(Object(Illuminate\\Http\\Request))
#25 {main}
"} 
[2018-12-18 04:47:44] local.ERROR: Parse error: syntax error, unexpected '?', expecting variable (T_VARIABLE) {"exception":"[object] (Symfony\\Component\\Debug\\Exception\\FatalThrowableError(code: 0): Parse error: syntax error, unexpected '?', expecting variable (T_VARIABLE) at /home/vagrant/projects/curso-styde/vendor/symfony/translation/Translator.php:89)
[stacktrace]
#0 /home/vagrant/projects/curso-styde/vendor/composer/ClassLoader.php(322): Composer\\Autoload\\includeFile('/home/vagrant/p...')
#1 [internal function]: Composer\\Autoload\\ClassLoader->loadClass('Symfony\\\\Compone...')
#2 /home/vagrant/projects/curso-styde/vendor/nesbot/carbon/src/Carbon/Translator.php(7): spl_autoload_call('Symfony\\\\Compone...')
#3 /home/vagrant/projects/curso-styde/vendor/composer/ClassLoader.php(444): include('/home/vagrant/p...')
#4 /home/vagrant/projects/curso-styde/vendor/composer/ClassLoader.php(322): Composer\\Autoload\\includeFile('/home/vagrant/p...')
#5 [internal function]: Composer\\Autoload\\ClassLoader->loadClass('Carbon\\\\Translat...')
#6 /home/vagrant/projects/curso-styde/vendor/nesbot/carbon/src/Carbon/Carbon.php(1625): spl_autoload_call('Carbon\\\\Translat...')
#7 /home/vagrant/projects/curso-styde/vendor/nesbot/carbon/src/Carbon/Carbon.php(1672): Carbon\\Carbon::translator()
#8 /home/vagrant/projects/curso-styde/vendor/nesbot/carbon/src/Carbon/Laravel/ServiceProvider.php(29): Carbon\\Carbon::setLocale('en')
#9 /home/vagrant/projects/curso-styde/vendor/nesbot/carbon/src/Carbon/Laravel/ServiceProvider.php(21): Carbon\\Laravel\\ServiceProvider->updateLocale()
#10 [internal function]: Carbon\\Laravel\\ServiceProvider->boot()
#11 /home/vagrant/projects/curso-styde/vendor/laravel/framework/src/Illuminate/Container/BoundMethod.php(29): call_user_func_array(Array, Array)
#12 /home/vagrant/projects/curso-styde/vendor/laravel/framework/src/Illuminate/Container/BoundMethod.php(87): Illuminate\\Container\\BoundMethod::Illuminate\\Container\\{closure}()
#13 /home/vagrant/projects/curso-styde/vendor/laravel/framework/src/Illuminate/Container/BoundMethod.php(31): Illuminate\\Container\\BoundMethod::callBoundMethod(Object(Illuminate\\Foundation\\Application), Array, Object(Closure))
#14 /home/vagrant/projects/curso-styde/vendor/laravel/framework/src/Illuminate/Container/Container.php(549): Illuminate\\Container\\BoundMethod::call(Object(Illuminate\\Foundation\\Application), Array, Array, NULL)
#15 /home/vagrant/projects/curso-styde/vendor/laravel/framework/src/Illuminate/Foundation/Application.php(792): Illuminate\\Container\\Container->call(Array)
#16 /home/vagrant/projects/curso-styde/vendor/laravel/framework/src/Illuminate/Foundation/Application.php(775): Illuminate\\Foundation\\Application->bootProvider(Object(Carbon\\Laravel\\ServiceProvider))
#17 [internal function]: Illuminate\\Foundation\\Application->Illuminate\\Foundation\\{closure}(Object(Carbon\\Laravel\\ServiceProvider), 15)
#18 /home/vagrant/projects/curso-styde/vendor/laravel/framework/src/Illuminate/Foundation/Application.php(776): array_walk(Array, Object(Closure))
#19 /home/vagrant/projects/curso-styde/vendor/laravel/framework/src/Illuminate/Foundation/Bootstrap/BootProviders.php(17): Illuminate\\Foundation\\Application->boot()
#20 /home/vagrant/projects/curso-styde/vendor/laravel/framework/src/Illuminate/Foundation/Application.php(213): Illuminate\\Foundation\\Bootstrap\\BootProviders->bootstrap(Object(Illuminate\\Foundation\\Application))
#21 /home/vagrant/projects/curso-styde/vendor/laravel/framework/src/Illuminate/Foundation/Http/Kernel.php(162): Illuminate\\Foundation\\Application->bootstrapWith(Array)
#22 /home/vagrant/projects/curso-styde/vendor/laravel/framework/src/Illuminate/Foundation/Http/Kernel.php(146): Illuminate\\Foundation\\Http\\Kernel->bootstrap()
#23 /home/vagrant/projects/curso-styde/vendor/laravel/framework/src/Illuminate/Foundation/Http/Kernel.php(116): Illuminate\\Foundation\\Http\\Kernel->sendRequestThroughRouter(Object(Illuminate\\Http\\Request))
#24 /home/vagrant/projects/curso-styde/public/index.php(55): Illuminate\\Foundation\\Http\\Kernel->handle(Object(Illuminate\\Http\\Request))
#25 {main}
"} 
[2018-12-18 04:47:45] local.ERROR: Parse error: syntax error, unexpected '?', expecting variable (T_VARIABLE) {"exception":"[object] (Symfony\\Component\\Debug\\Exception\\FatalThrowableError(code: 0): Parse error: syntax error, unexpected '?', expecting variable (T_VARIABLE) at /home/vagrant/projects/curso-styde/vendor/symfony/translation/Translator.php:89)
[stacktrace]
#0 /home/vagrant/projects/curso-styde/vendor/composer/ClassLoader.php(322): Composer\\Autoload\\includeFile('/home/vagrant/p...')
#1 [internal function]: Composer\\Autoload\\ClassLoader->loadClass('Symfony\\\\Compone...')
#2 /home/vagrant/projects/curso-styde/vendor/nesbot/carbon/src/Carbon/Translator.php(7): spl_autoload_call('Symfony\\\\Compone...')
#3 /home/vagrant/projects/curso-styde/vendor/composer/ClassLoader.php(444): include('/home/vagrant/p...')
#4 /home/vagrant/projects/curso-styde/vendor/composer/ClassLoader.php(322): Composer\\Autoload\\includeFile('/home/vagrant/p...')
#5 [internal function]: Composer\\Autoload\\ClassLoader->loadClass('Carbon\\\\Translat...')
#6 /home/vagrant/projects/curso-styde/vendor/nesbot/carbon/src/Carbon/Carbon.php(1625): spl_autoload_call('Carbon\\\\Translat...')
#7 /home/vagrant/projects/curso-styde/vendor/nesbot/carbon/src/Carbon/Carbon.php(1672): Carbon\\Carbon::translator()
#8 /home/vagrant/projects/curso-styde/vendor/nesbot/carbon/src/Carbon/Laravel/ServiceProvider.php(29): Carbon\\Carbon::setLocale('en')
#9 /home/vagrant/projects/curso-styde/vendor/nesbot/carbon/src/Carbon/Laravel/ServiceProvider.php(21): Carbon\\Laravel\\ServiceProvider->updateLocale()
#10 [internal function]: Carbon\\Laravel\\ServiceProvider->boot()
#11 /home/vagrant/projects/curso-styde/vendor/laravel/framework/src/Illuminate/Container/BoundMethod.php(29): call_user_func_array(Array, Array)
#12 /home/vagrant/projects/curso-styde/vendor/laravel/framework/src/Illuminate/Container/BoundMethod.php(87): Illuminate\\Container\\BoundMethod::Illuminate\\Container\\{closure}()
#13 /home/vagrant/projects/curso-styde/vendor/laravel/framework/src/Illuminate/Container/BoundMethod.php(31): Illuminate\\Container\\BoundMethod::callBoundMethod(Object(Illuminate\\Foundation\\Application), Array, Object(Closure))
#14 /home/vagrant/projects/curso-styde/vendor/laravel/framework/src/Illuminate/Container/Container.php(549): Illuminate\\Container\\BoundMethod::call(Object(Illuminate\\Foundation\\Application), Array, Array, NULL)
#15 /home/vagrant/projects/curso-styde/vendor/laravel/framework/src/Illuminate/Foundation/Application.php(792): Illuminate\\Container\\Container->call(Array)
#16 /home/vagrant/projects/curso-styde/vendor/laravel/framework/src/Illuminate/Foundation/Application.php(775): Illuminate\\Foundation\\Application->bootProvider(Object(Carbon\\Laravel\\ServiceProvider))
#17 [internal function]: Illuminate\\Foundation\\Application->Illuminate\\Foundation\\{closure}(Object(Carbon\\Laravel\\ServiceProvider), 15)
#18 /home/vagrant/projects/curso-styde/vendor/laravel/framework/src/Illuminate/Foundation/Application.php(776): array_walk(Array, Object(Closure))
#19 /home/vagrant/projects/curso-styde/vendor/laravel/framework/src/Illuminate/Foundation/Bootstrap/BootProviders.php(17): Illuminate\\Foundation\\Application->boot()
#20 /home/vagrant/projects/curso-styde/vendor/laravel/framework/src/Illuminate/Foundation/Application.php(213): Illuminate\\Foundation\\Bootstrap\\BootProviders->bootstrap(Object(Illuminate\\Foundation\\Application))
#21 /home/vagrant/projects/curso-styde/vendor/laravel/framework/src/Illuminate/Foundation/Http/Kernel.php(162): Illuminate\\Foundation\\Application->bootstrapWith(Array)
#22 /home/vagrant/projects/curso-styde/vendor/laravel/framework/src/Illuminate/Foundation/Http/Kernel.php(146): Illuminate\\Foundation\\Http\\Kernel->bootstrap()
#23 /home/vagrant/projects/curso-styde/vendor/laravel/framework/src/Illuminate/Foundation/Http/Kernel.php(116): Illuminate\\Foundation\\Http\\Kernel->sendRequestThroughRouter(Object(Illuminate\\Http\\Request))
#24 /home/vagrant/projects/curso-styde/public/index.php(55): Illuminate\\Foundation\\Http\\Kernel->handle(Object(Illuminate\\Http\\Request))
#25 {main}
"} 
[2018-12-18 04:48:05] local.ERROR: Parse error: syntax error, unexpected '?', expecting variable (T_VARIABLE) {"exception":"[object] (Symfony\\Component\\Debug\\Exception\\FatalThrowableError(code: 0): Parse error: syntax error, unexpected '?', expecting variable (T_VARIABLE) at /home/vagrant/projects/curso-styde/vendor/symfony/translation/Translator.php:89)
[stacktrace]
#0 /home/vagrant/projects/curso-styde/vendor/composer/ClassLoader.php(322): Composer\\Autoload\\includeFile('/home/vagrant/p...')
#1 [internal function]: Composer\\Autoload\\ClassLoader->loadClass('Symfony\\\\Compone...')
#2 /home/vagrant/projects/curso-styde/vendor/nesbot/carbon/src/Carbon/Translator.php(7): spl_autoload_call('Symfony\\\\Compone...')
#3 /home/vagrant/projects/curso-styde/vendor/composer/ClassLoader.php(444): include('/home/vagrant/p...')
#4 /home/vagrant/projects/curso-styde/vendor/composer/ClassLoader.php(322): Composer\\Autoload\\includeFile('/home/vagrant/p...')
#5 [internal function]: Composer\\Autoload\\ClassLoader->loadClass('Carbon\\\\Translat...')
#6 /home/vagrant/projects/curso-styde/vendor/nesbot/carbon/src/Carbon/Carbon.php(1625): spl_autoload_call('Carbon\\\\Translat...')
#7 /home/vagrant/projects/curso-styde/vendor/nesbot/carbon/src/Carbon/Carbon.php(1672): Carbon\\Carbon::translator()
#8 /home/vagrant/projects/curso-styde/vendor/nesbot/carbon/src/Carbon/Laravel/ServiceProvider.php(29): Carbon\\Carbon::setLocale('en')
#9 /home/vagrant/projects/curso-styde/vendor/nesbot/carbon/src/Carbon/Laravel/ServiceProvider.php(21): Carbon\\Laravel\\ServiceProvider->updateLocale()
#10 [internal function]: Carbon\\Laravel\\ServiceProvider->boot()
#11 /home/vagrant/projects/curso-styde/vendor/laravel/framework/src/Illuminate/Container/BoundMethod.php(29): call_user_func_array(Array, Array)
#12 /home/vagrant/projects/curso-styde/vendor/laravel/framework/src/Illuminate/Container/BoundMethod.php(87): Illuminate\\Container\\BoundMethod::Illuminate\\Container\\{closure}()
#13 /home/vagrant/projects/curso-styde/vendor/laravel/framework/src/Illuminate/Container/BoundMethod.php(31): Illuminate\\Container\\BoundMethod::callBoundMethod(Object(Illuminate\\Foundation\\Application), Array, Object(Closure))
#14 /home/vagrant/projects/curso-styde/vendor/laravel/framework/src/Illuminate/Container/Container.php(549): Illuminate\\Container\\BoundMethod::call(Object(Illuminate\\Foundation\\Application), Array, Array, NULL)
#15 /home/vagrant/projects/curso-styde/vendor/laravel/framework/src/Illuminate/Foundation/Application.php(792): Illuminate\\Container\\Container->call(Array)
#16 /home/vagrant/projects/curso-styde/vendor/laravel/framework/src/Illuminate/Foundation/Application.php(775): Illuminate\\Foundation\\Application->bootProvider(Object(Carbon\\Laravel\\ServiceProvider))
#17 [internal function]: Illuminate\\Foundation\\Application->Illuminate\\Foundation\\{closure}(Object(Carbon\\Laravel\\ServiceProvider), 15)
#18 /home/vagrant/projects/curso-styde/vendor/laravel/framework/src/Illuminate/Foundation/Application.php(776): array_walk(Array, Object(Closure))
#19 /home/vagrant/projects/curso-styde/vendor/laravel/framework/src/Illuminate/Foundation/Bootstrap/BootProviders.php(17): Illuminate\\Foundation\\Application->boot()
#20 /home/vagrant/projects/curso-styde/vendor/laravel/framework/src/Illuminate/Foundation/Application.php(213): Illuminate\\Foundation\\Bootstrap\\BootProviders->bootstrap(Object(Illuminate\\Foundation\\Application))
#21 /home/vagrant/projects/curso-styde/vendor/laravel/framework/src/Illuminate/Foundation/Http/Kernel.php(162): Illuminate\\Foundation\\Application->bootstrapWith(Array)
#22 /home/vagrant/projects/curso-styde/vendor/laravel/framework/src/Illuminate/Foundation/Http/Kernel.php(146): Illuminate\\Foundation\\Http\\Kernel->bootstrap()
#23 /home/vagrant/projects/curso-styde/vendor/laravel/framework/src/Illuminate/Foundation/Http/Kernel.php(116): Illuminate\\Foundation\\Http\\Kernel->sendRequestThroughRouter(Object(Illuminate\\Http\\Request))
#24 /home/vagrant/projects/curso-styde/public/index.php(55): Illuminate\\Foundation\\Http\\Kernel->handle(Object(Illuminate\\Http\\Request))
#25 {main}
"} 
[2018-12-18 04:48:06] local.ERROR: Parse error: syntax error, unexpected '?', expecting variable (T_VARIABLE) {"exception":"[object] (Symfony\\Component\\Debug\\Exception\\FatalThrowableError(code: 0): Parse error: syntax error, unexpected '?', expecting variable (T_VARIABLE) at /home/vagrant/projects/curso-styde/vendor/symfony/translation/Translator.php:89)
[stacktrace]
#0 /home/vagrant/projects/curso-styde/vendor/composer/ClassLoader.php(322): Composer\\Autoload\\includeFile('/home/vagrant/p...')
#1 [internal function]: Composer\\Autoload\\ClassLoader->loadClass('Symfony\\\\Compone...')
#2 /home/vagrant/projects/curso-styde/vendor/nesbot/carbon/src/Carbon/Translator.php(7): spl_autoload_call('Symfony\\\\Compone...')
#3 /home/vagrant/projects/curso-styde/vendor/composer/ClassLoader.php(444): include('/home/vagrant/p...')
#4 /home/vagrant/projects/curso-styde/vendor/composer/ClassLoader.php(322): Composer\\Autoload\\includeFile('/home/vagrant/p...')
#5 [internal function]: Composer\\Autoload\\ClassLoader->loadClass('Carbon\\\\Translat...')
#6 /home/vagrant/projects/curso-styde/vendor/nesbot/carbon/src/Carbon/Carbon.php(1625): spl_autoload_call('Carbon\\\\Translat...')
#7 /home/vagrant/projects/curso-styde/vendor/nesbot/carbon/src/Carbon/Carbon.php(1672): Carbon\\Carbon::translator()
#8 /home/vagrant/projects/curso-styde/vendor/nesbot/carbon/src/Carbon/Laravel/ServiceProvider.php(29): Carbon\\Carbon::setLocale('en')
#9 /home/vagrant/projects/curso-styde/vendor/nesbot/carbon/src/Carbon/Laravel/ServiceProvider.php(21): Carbon\\Laravel\\ServiceProvider->updateLocale()
#10 [internal function]: Carbon\\Laravel\\ServiceProvider->boot()
#11 /home/vagrant/projects/curso-styde/vendor/laravel/framework/src/Illuminate/Container/BoundMethod.php(29): call_user_func_array(Array, Array)
#12 /home/vagrant/projects/curso-styde/vendor/laravel/framework/src/Illuminate/Container/BoundMethod.php(87): Illuminate\\Container\\BoundMethod::Illuminate\\Container\\{closure}()
#13 /home/vagrant/projects/curso-styde/vendor/laravel/framework/src/Illuminate/Container/BoundMethod.php(31): Illuminate\\Container\\BoundMethod::callBoundMethod(Object(Illuminate\\Foundation\\Application), Array, Object(Closure))
#14 /home/vagrant/projects/curso-styde/vendor/laravel/framework/src/Illuminate/Container/Container.php(549): Illuminate\\Container\\BoundMethod::call(Object(Illuminate\\Foundation\\Application), Array, Array, NULL)
#15 /home/vagrant/projects/curso-styde/vendor/laravel/framework/src/Illuminate/Foundation/Application.php(792): Illuminate\\Container\\Container->call(Array)
#16 /home/vagrant/projects/curso-styde/vendor/laravel/framework/src/Illuminate/Foundation/Application.php(775): Illuminate\\Foundation\\Application->bootProvider(Object(Carbon\\Laravel\\ServiceProvider))
#17 [internal function]: Illuminate\\Foundation\\Application->Illuminate\\Foundation\\{closure}(Object(Carbon\\Laravel\\ServiceProvider), 15)
#18 /home/vagrant/projects/curso-styde/vendor/laravel/framework/src/Illuminate/Foundation/Application.php(776): array_walk(Array, Object(Closure))
#19 /home/vagrant/projects/curso-styde/vendor/laravel/framework/src/Illuminate/Foundation/Bootstrap/BootProviders.php(17): Illuminate\\Foundation\\Application->boot()
#20 /home/vagrant/projects/curso-styde/vendor/laravel/framework/src/Illuminate/Foundation/Application.php(213): Illuminate\\Foundation\\Bootstrap\\BootProviders->bootstrap(Object(Illuminate\\Foundation\\Application))
#21 /home/vagrant/projects/curso-styde/vendor/laravel/framework/src/Illuminate/Foundation/Http/Kernel.php(162): Illuminate\\Foundation\\Application->bootstrapWith(Array)
#22 /home/vagrant/projects/curso-styde/vendor/laravel/framework/src/Illuminate/Foundation/Http/Kernel.php(146): Illuminate\\Foundation\\Http\\Kernel->bootstrap()
#23 /home/vagrant/projects/curso-styde/vendor/laravel/framework/src/Illuminate/Foundation/Http/Kernel.php(116): Illuminate\\Foundation\\Http\\Kernel->sendRequestThroughRouter(Object(Illuminate\\Http\\Request))
#24 /home/vagrant/projects/curso-styde/public/index.php(55): Illuminate\\Foundation\\Http\\Kernel->handle(Object(Illuminate\\Http\\Request))
#25 {main}
"} 
[2018-12-18 04:48:07] local.ERROR: Parse error: syntax error, unexpected '?', expecting variable (T_VARIABLE) {"exception":"[object] (Symfony\\Component\\Debug\\Exception\\FatalThrowableError(code: 0): Parse error: syntax error, unexpected '?', expecting variable (T_VARIABLE) at /home/vagrant/projects/curso-styde/vendor/symfony/translation/Translator.php:89)
[stacktrace]
#0 /home/vagrant/projects/curso-styde/vendor/composer/ClassLoader.php(322): Composer\\Autoload\\includeFile('/home/vagrant/p...')
#1 [internal function]: Composer\\Autoload\\ClassLoader->loadClass('Symfony\\\\Compone...')
#2 /home/vagrant/projects/curso-styde/vendor/nesbot/carbon/src/Carbon/Translator.php(7): spl_autoload_call('Symfony\\\\Compone...')
#3 /home/vagrant/projects/curso-styde/vendor/composer/ClassLoader.php(444): include('/home/vagrant/p...')
#4 /home/vagrant/projects/curso-styde/vendor/composer/ClassLoader.php(322): Composer\\Autoload\\includeFile('/home/vagrant/p...')
#5 [internal function]: Composer\\Autoload\\ClassLoader->loadClass('Carbon\\\\Translat...')
#6 /home/vagrant/projects/curso-styde/vendor/nesbot/carbon/src/Carbon/Carbon.php(1625): spl_autoload_call('Carbon\\\\Translat...')
#7 /home/vagrant/projects/curso-styde/vendor/nesbot/carbon/src/Carbon/Carbon.php(1672): Carbon\\Carbon::translator()
#8 /home/vagrant/projects/curso-styde/vendor/nesbot/carbon/src/Carbon/Laravel/ServiceProvider.php(29): Carbon\\Carbon::setLocale('en')
#9 /home/vagrant/projects/curso-styde/vendor/nesbot/carbon/src/Carbon/Laravel/ServiceProvider.php(21): Carbon\\Laravel\\ServiceProvider->updateLocale()
#10 [internal function]: Carbon\\Laravel\\ServiceProvider->boot()
#11 /home/vagrant/projects/curso-styde/vendor/laravel/framework/src/Illuminate/Container/BoundMethod.php(29): call_user_func_array(Array, Array)
#12 /home/vagrant/projects/curso-styde/vendor/laravel/framework/src/Illuminate/Container/BoundMethod.php(87): Illuminate\\Container\\BoundMethod::Illuminate\\Container\\{closure}()
#13 /home/vagrant/projects/curso-styde/vendor/laravel/framework/src/Illuminate/Container/BoundMethod.php(31): Illuminate\\Container\\BoundMethod::callBoundMethod(Object(Illuminate\\Foundation\\Application), Array, Object(Closure))
#14 /home/vagrant/projects/curso-styde/vendor/laravel/framework/src/Illuminate/Container/Container.php(549): Illuminate\\Container\\BoundMethod::call(Object(Illuminate\\Foundation\\Application), Array, Array, NULL)
#15 /home/vagrant/projects/curso-styde/vendor/laravel/framework/src/Illuminate/Foundation/Application.php(792): Illuminate\\Container\\Container->call(Array)
#16 /home/vagrant/projects/curso-styde/vendor/laravel/framework/src/Illuminate/Foundation/Application.php(775): Illuminate\\Foundation\\Application->bootProvider(Object(Carbon\\Laravel\\ServiceProvider))
#17 [internal function]: Illuminate\\Foundation\\Application->Illuminate\\Foundation\\{closure}(Object(Carbon\\Laravel\\ServiceProvider), 15)
#18 /home/vagrant/projects/curso-styde/vendor/laravel/framework/src/Illuminate/Foundation/Application.php(776): array_walk(Array, Object(Closure))
#19 /home/vagrant/projects/curso-styde/vendor/laravel/framework/src/Illuminate/Foundation/Bootstrap/BootProviders.php(17): Illuminate\\Foundation\\Application->boot()
#20 /home/vagrant/projects/curso-styde/vendor/laravel/framework/src/Illuminate/Foundation/Application.php(213): Illuminate\\Foundation\\Bootstrap\\BootProviders->bootstrap(Object(Illuminate\\Foundation\\Application))
#21 /home/vagrant/projects/curso-styde/vendor/laravel/framework/src/Illuminate/Foundation/Http/Kernel.php(162): Illuminate\\Foundation\\Application->bootstrapWith(Array)
#22 /home/vagrant/projects/curso-styde/vendor/laravel/framework/src/Illuminate/Foundation/Http/Kernel.php(146): Illuminate\\Foundation\\Http\\Kernel->bootstrap()
#23 /home/vagrant/projects/curso-styde/vendor/laravel/framework/src/Illuminate/Foundation/Http/Kernel.php(116): Illuminate\\Foundation\\Http\\Kernel->sendRequestThroughRouter(Object(Illuminate\\Http\\Request))
#24 /home/vagrant/projects/curso-styde/public/index.php(55): Illuminate\\Foundation\\Http\\Kernel->handle(Object(Illuminate\\Http\\Request))
#25 {main}
"} 
[2018-12-18 04:48:07] local.ERROR: Parse error: syntax error, unexpected '?', expecting variable (T_VARIABLE) {"exception":"[object] (Symfony\\Component\\Debug\\Exception\\FatalThrowableError(code: 0): Parse error: syntax error, unexpected '?', expecting variable (T_VARIABLE) at /home/vagrant/projects/curso-styde/vendor/symfony/translation/Translator.php:89)
[stacktrace]
#0 /home/vagrant/projects/curso-styde/vendor/composer/ClassLoader.php(322): Composer\\Autoload\\includeFile('/home/vagrant/p...')
#1 [internal function]: Composer\\Autoload\\ClassLoader->loadClass('Symfony\\\\Compone...')
#2 /home/vagrant/projects/curso-styde/vendor/nesbot/carbon/src/Carbon/Translator.php(7): spl_autoload_call('Symfony\\\\Compone...')
#3 /home/vagrant/projects/curso-styde/vendor/composer/ClassLoader.php(444): include('/home/vagrant/p...')
#4 /home/vagrant/projects/curso-styde/vendor/composer/ClassLoader.php(322): Composer\\Autoload\\includeFile('/home/vagrant/p...')
#5 [internal function]: Composer\\Autoload\\ClassLoader->loadClass('Carbon\\\\Translat...')
#6 /home/vagrant/projects/curso-styde/vendor/nesbot/carbon/src/Carbon/Carbon.php(1625): spl_autoload_call('Carbon\\\\Translat...')
#7 /home/vagrant/projects/curso-styde/vendor/nesbot/carbon/src/Carbon/Carbon.php(1672): Carbon\\Carbon::translator()
#8 /home/vagrant/projects/curso-styde/vendor/nesbot/carbon/src/Carbon/Laravel/ServiceProvider.php(29): Carbon\\Carbon::setLocale('en')
#9 /home/vagrant/projects/curso-styde/vendor/nesbot/carbon/src/Carbon/Laravel/ServiceProvider.php(21): Carbon\\Laravel\\ServiceProvider->updateLocale()
#10 [internal function]: Carbon\\Laravel\\ServiceProvider->boot()
#11 /home/vagrant/projects/curso-styde/vendor/laravel/framework/src/Illuminate/Container/BoundMethod.php(29): call_user_func_array(Array, Array)
#12 /home/vagrant/projects/curso-styde/vendor/laravel/framework/src/Illuminate/Container/BoundMethod.php(87): Illuminate\\Container\\BoundMethod::Illuminate\\Container\\{closure}()
#13 /home/vagrant/projects/curso-styde/vendor/laravel/framework/src/Illuminate/Container/BoundMethod.php(31): Illuminate\\Container\\BoundMethod::callBoundMethod(Object(Illuminate\\Foundation\\Application), Array, Object(Closure))
#14 /home/vagrant/projects/curso-styde/vendor/laravel/framework/src/Illuminate/Container/Container.php(549): Illuminate\\Container\\BoundMethod::call(Object(Illuminate\\Foundation\\Application), Array, Array, NULL)
#15 /home/vagrant/projects/curso-styde/vendor/laravel/framework/src/Illuminate/Foundation/Application.php(792): Illuminate\\Container\\Container->call(Array)
#16 /home/vagrant/projects/curso-styde/vendor/laravel/framework/src/Illuminate/Foundation/Application.php(775): Illuminate\\Foundation\\Application->bootProvider(Object(Carbon\\Laravel\\ServiceProvider))
#17 [internal function]: Illuminate\\Foundation\\Application->Illuminate\\Foundation\\{closure}(Object(Carbon\\Laravel\\ServiceProvider), 15)
#18 /home/vagrant/projects/curso-styde/vendor/laravel/framework/src/Illuminate/Foundation/Application.php(776): array_walk(Array, Object(Closure))
#19 /home/vagrant/projects/curso-styde/vendor/laravel/framework/src/Illuminate/Foundation/Bootstrap/BootProviders.php(17): Illuminate\\Foundation\\Application->boot()
#20 /home/vagrant/projects/curso-styde/vendor/laravel/framework/src/Illuminate/Foundation/Application.php(213): Illuminate\\Foundation\\Bootstrap\\BootProviders->bootstrap(Object(Illuminate\\Foundation\\Application))
#21 /home/vagrant/projects/curso-styde/vendor/laravel/framework/src/Illuminate/Foundation/Http/Kernel.php(162): Illuminate\\Foundation\\Application->bootstrapWith(Array)
#22 /home/vagrant/projects/curso-styde/vendor/laravel/framework/src/Illuminate/Foundation/Http/Kernel.php(146): Illuminate\\Foundation\\Http\\Kernel->bootstrap()
#23 /home/vagrant/projects/curso-styde/vendor/laravel/framework/src/Illuminate/Foundation/Http/Kernel.php(116): Illuminate\\Foundation\\Http\\Kernel->sendRequestThroughRouter(Object(Illuminate\\Http\\Request))
#24 /home/vagrant/projects/curso-styde/public/index.php(55): Illuminate\\Foundation\\Http\\Kernel->handle(Object(Illuminate\\Http\\Request))
#25 {main}
"} 
[2018-12-18 04:48:08] local.ERROR: Parse error: syntax error, unexpected '?', expecting variable (T_VARIABLE) {"exception":"[object] (Symfony\\Component\\Debug\\Exception\\FatalThrowableError(code: 0): Parse error: syntax error, unexpected '?', expecting variable (T_VARIABLE) at /home/vagrant/projects/curso-styde/vendor/symfony/translation/Translator.php:89)
[stacktrace]
#0 /home/vagrant/projects/curso-styde/vendor/composer/ClassLoader.php(322): Composer\\Autoload\\includeFile('/home/vagrant/p...')
#1 [internal function]: Composer\\Autoload\\ClassLoader->loadClass('Symfony\\\\Compone...')
#2 /home/vagrant/projects/curso-styde/vendor/nesbot/carbon/src/Carbon/Translator.php(7): spl_autoload_call('Symfony\\\\Compone...')
#3 /home/vagrant/projects/curso-styde/vendor/composer/ClassLoader.php(444): include('/home/vagrant/p...')
#4 /home/vagrant/projects/curso-styde/vendor/composer/ClassLoader.php(322): Composer\\Autoload\\includeFile('/home/vagrant/p...')
#5 [internal function]: Composer\\Autoload\\ClassLoader->loadClass('Carbon\\\\Translat...')
#6 /home/vagrant/projects/curso-styde/vendor/nesbot/carbon/src/Carbon/Carbon.php(1625): spl_autoload_call('Carbon\\\\Translat...')
#7 /home/vagrant/projects/curso-styde/vendor/nesbot/carbon/src/Carbon/Carbon.php(1672): Carbon\\Carbon::translator()
#8 /home/vagrant/projects/curso-styde/vendor/nesbot/carbon/src/Carbon/Laravel/ServiceProvider.php(29): Carbon\\Carbon::setLocale('en')
#9 /home/vagrant/projects/curso-styde/vendor/nesbot/carbon/src/Carbon/Laravel/ServiceProvider.php(21): Carbon\\Laravel\\ServiceProvider->updateLocale()
#10 [internal function]: Carbon\\Laravel\\ServiceProvider->boot()
#11 /home/vagrant/projects/curso-styde/vendor/laravel/framework/src/Illuminate/Container/BoundMethod.php(29): call_user_func_array(Array, Array)
#12 /home/vagrant/projects/curso-styde/vendor/laravel/framework/src/Illuminate/Container/BoundMethod.php(87): Illuminate\\Container\\BoundMethod::Illuminate\\Container\\{closure}()
#13 /home/vagrant/projects/curso-styde/vendor/laravel/framework/src/Illuminate/Container/BoundMethod.php(31): Illuminate\\Container\\BoundMethod::callBoundMethod(Object(Illuminate\\Foundation\\Application), Array, Object(Closure))
#14 /home/vagrant/projects/curso-styde/vendor/laravel/framework/src/Illuminate/Container/Container.php(549): Illuminate\\Container\\BoundMethod::call(Object(Illuminate\\Foundation\\Application), Array, Array, NULL)
#15 /home/vagrant/projects/curso-styde/vendor/laravel/framework/src/Illuminate/Foundation/Application.php(792): Illuminate\\Container\\Container->call(Array)
#16 /home/vagrant/projects/curso-styde/vendor/laravel/framework/src/Illuminate/Foundation/Application.php(775): Illuminate\\Foundation\\Application->bootProvider(Object(Carbon\\Laravel\\ServiceProvider))
#17 [internal function]: Illuminate\\Foundation\\Application->Illuminate\\Foundation\\{closure}(Object(Carbon\\Laravel\\ServiceProvider), 15)
#18 /home/vagrant/projects/curso-styde/vendor/laravel/framework/src/Illuminate/Foundation/Application.php(776): array_walk(Array, Object(Closure))
#19 /home/vagrant/projects/curso-styde/vendor/laravel/framework/src/Illuminate/Foundation/Bootstrap/BootProviders.php(17): Illuminate\\Foundation\\Application->boot()
#20 /home/vagrant/projects/curso-styde/vendor/laravel/framework/src/Illuminate/Foundation/Application.php(213): Illuminate\\Foundation\\Bootstrap\\BootProviders->bootstrap(Object(Illuminate\\Foundation\\Application))
#21 /home/vagrant/projects/curso-styde/vendor/laravel/framework/src/Illuminate/Foundation/Http/Kernel.php(162): Illuminate\\Foundation\\Application->bootstrapWith(Array)
#22 /home/vagrant/projects/curso-styde/vendor/laravel/framework/src/Illuminate/Foundation/Http/Kernel.php(146): Illuminate\\Foundation\\Http\\Kernel->bootstrap()
#23 /home/vagrant/projects/curso-styde/vendor/laravel/framework/src/Illuminate/Foundation/Http/Kernel.php(116): Illuminate\\Foundation\\Http\\Kernel->sendRequestThroughRouter(Object(Illuminate\\Http\\Request))
#24 /home/vagrant/projects/curso-styde/public/index.php(55): Illuminate\\Foundation\\Http\\Kernel->handle(Object(Illuminate\\Http\\Request))
#25 {main}
"} 
